<?xml version="1.0" encoding="UTF-8"?>
<!-- Generated by org.testng.reporters.JUnitReportReporter -->
<testsuite hostname="DESKTOP-AI7I6V4" failures="0" tests="4" name="demoshop.LoginTest" time="3.722" errors="0" timestamp="2021-08-26T16:47:44 EEST" skipped="0">
  <testcase classname="demoshop.LoginTest" name="can_login_with_valid_credentials" time="0.855"/>
  <system-out/>
  <testcase classname="demoshop.LoginTest" name="can_open_login_modal" time="0.987"/>
  <system-out/>
  <testcase classname="demoshop.LoginTest" name="can_login_with_valid_credentials" time="0.791"/>
  <system-out/>
  <testcase classname="demoshop.LoginTest" name="can_login_with_valid_credentials" time="1.089"/>
  <system-out/>
</testsuite> <!-- demoshop.LoginTest -->
