<?xml version="1.0" encoding="UTF-8"?>
<!-- Generated by org.testng.reporters.JUnitReportReporter -->
<testsuite hostname="DESKTOP-AI7I6V4" failures="0" tests="2" name="webshop.FilterSidebarTests" time="7.657" errors="0" timestamp="2021-09-17T12:41:15 EEST" skipped="0">
  <testcase classname="webshop.FilterSidebarTests" name="can_filter_by_blazers" time="3.553"/>
  <system-out/>
  <testcase classname="webshop.FilterSidebarTests" name="can_filter_by_price_kitchen_devices" time="4.104"/>
  <system-out/>
</testsuite> <!-- webshop.FilterSidebarTests -->
