<?xml version="1.0" encoding="UTF-8"?>
<!-- Generated by org.testng.reporters.JUnitReportReporter -->
<testsuite hostname="DESKTOP-AI7I6V4" failures="0" tests="2" name="webshop.LoginFormTests" time="5.578" errors="0" timestamp="2021-08-30T15:34:28 EEST" skipped="0">
  <testcase classname="webshop.LoginFormTests" name="can_logout" time="1.309"/>
  <system-out/>
  <testcase classname="webshop.LoginFormTests" name="can_login_with_valid_credentials" time="4.269"/>
  <system-out/>
</testsuite> <!-- webshop.LoginFormTests -->
