<?xml version="1.0" encoding="UTF-8"?>
<!-- Generated by org.testng.reporters.JUnitReportReporter -->
<testsuite hostname="DESKTOP-AI7I6V4" failures="0" tests="1" name="webshop.RegisterFormTests" time="3.535" errors="0" timestamp="2021-08-30T15:34:28 EEST" skipped="0">
  <testcase classname="webshop.RegisterFormTests" name="can_register_with_valid_credentials" time="3.535"/>
  <system-out/>
</testsuite> <!-- webshop.RegisterFormTests -->
