<?xml version="1.0" encoding="UTF-8"?>
<!-- Generated by org.testng.reporters.JUnitReportReporter -->
<testsuite hostname="DESKTOP-AI7I6V4" failures="0" tests="2" name="webshop.SearchProductTests" time="7.142" errors="0" timestamp="2021-09-23T10:59:41 EEST" skipped="0">
  <testcase classname="webshop.SearchProductTests" name="can_search_by_name" time="3.799"/>
  <system-out/>
  <testcase classname="webshop.SearchProductTests" name="can_search_by_name" time="3.343"/>
  <system-out/>
</testsuite> <!-- webshop.SearchProductTests -->
