<?xml version="1.0" encoding="UTF-8"?>
<!-- Generated by org.testng.reporters.JUnitReportReporter -->
<testsuite hostname="DESKTOP-AI7I6V4" failures="0" tests="2" name="webshop.RegisterFormTests" time="7.194" errors="0" timestamp="2021-09-07T13:00:21 EEST" skipped="0">
  <testcase classname="webshop.RegisterFormTests" name="can_register_with_valid_credentials" time="3.650"/>
  <system-out/>
  <testcase classname="webshop.RegisterFormTests" name="can_register_with_valid_credentials" time="3.544"/>
  <system-out/>
</testsuite> <!-- webshop.RegisterFormTests -->
