<?xml version="1.0" encoding="UTF-8"?>
<!-- Generated by org.testng.reporters.JUnitReportReporter -->
<testsuite hostname="DESKTOP-AI7I6V4" failures="0" tests="1" name="webshop.LoginFormTests" time="2.248" errors="0" timestamp="2021-08-27T10:27:57 EEST" skipped="0">
  <testcase classname="webshop.LoginFormTests" name="can_login_with_valid_credentials" time="2.248"/>
  <system-out/>
</testsuite> <!-- webshop.LoginFormTests -->
