<?xml version="1.0" encoding="UTF-8"?>
<!-- Generated by org.testng.reporters.JUnitReportReporter -->
<testsuite hostname="DESKTOP-AI7I6V4" failures="0" tests="5" name="webshop.LoginFormTests" time="13.193" errors="0" timestamp="2021-10-23T13:20:28 EEST" skipped="0">
  <testcase classname="webshop.LoginFormTests" name="can_logout" time="4.212"/>
  <system-out/>
  <testcase classname="webshop.LoginFormTests" name="can_login_with_valid_credentials" time="5.604"/>
  <system-out/>
  <testcase classname="webshop.LoginFormTests" name="cannot_login_with_wrong_password" time="2.078"/>
  <system-out/>
  <testcase classname="webshop.LoginFormTests" name="cannot_login_without_required_credentials" time="0.674"/>
  <system-out/>
  <testcase classname="webshop.LoginFormTests" name="click_login_links" time="0.625"/>
  <system-out/>
</testsuite> <!-- webshop.LoginFormTests -->
