<?xml version="1.0" encoding="UTF-8"?>
<!-- Generated by org.testng.reporters.JUnitReportReporter -->
<testsuite hostname="DESKTOP-AI7I6V4" failures="0" tests="1" name="webshop.RegisterFormTests" time="4.148" errors="0" timestamp="2021-09-01T11:46:32 EEST" skipped="0">
  <testcase classname="webshop.RegisterFormTests" name="can_register_with_valid_credentials" time="4.148"/>
  <system-out/>
</testsuite> <!-- webshop.RegisterFormTests -->
