<?xml version="1.0" encoding="UTF-8"?>
<!-- Generated by org.testng.reporters.JUnitReportReporter -->
<testsuite hostname="DESKTOP-AI7I6V4" failures="0" tests="2" name="webshop.RegisterFormTests" time="14.423" errors="0" timestamp="2021-10-23T13:20:28 EEST" skipped="0">
  <testcase classname="webshop.RegisterFormTests" name="can_register_with_valid_credentials" time="7.174"/>
  <system-out/>
  <testcase classname="webshop.RegisterFormTests" name="can_register_with_valid_credentials" time="7.249"/>
  <system-out/>
</testsuite> <!-- webshop.RegisterFormTests -->
