<?xml version="1.0" encoding="UTF-8"?>
<!-- Generated by org.testng.reporters.JUnitReportReporter -->
<testsuite hostname="DESKTOP-AI7I6V4" failures="1" tests="11" name="webshop.ShopProductTests" time="122.789" errors="0" timestamp="2021-09-07T13:00:21 EEST" skipped="0">
  <testcase classname="webshop.ShopProductTests" name="can_change_the_quantity" time="20.360"/>
  <system-out/>
  <testcase classname="webshop.ShopProductTests" name="can_delete_items_from_cart" time="26.367"/>
  <system-out/>
  <testcase classname="webshop.ShopProductTests" name="can_add_to_wishlist_men_cloths" time="11.809"/>
  <system-out/>
  <testcase classname="webshop.ShopProductTests" name="can_add_a_review_to_books" time="8.318"/>
  <system-out/>
  <testcase classname="webshop.ShopProductTests" name="can_add_to_cart_shirts_men" time="6.748"/>
  <system-out/>
  <testcase classname="webshop.ShopProductTests" name="can_compare_cosplay_products" time="11.428"/>
  <system-out/>
  <testcase classname="webshop.ShopProductTests" name="can_shop_little_ones_things" time="13.701"/>
  <system-out/>
  <testcase classname="webshop.ShopProductTests" name="can_add_to_cart_pants" time="5.755"/>
  <system-out/>
  <testcase classname="webshop.ShopProductTests" name="can_open_tab" time="4.843"/>
  <system-out/>
  <testcase classname="webshop.ShopProductTests" name="verify_success_add_to_cart_msg" time="6.172"/>
  <system-out/>
  <testcase classname="webshop.ShopProductTests" name="can_view_old_price_on_sale" time="7.288">
    <failure message="Element not found {.products-grid .price-box p.old-price[2]}
Expected: visible
Screenshot: file:/C:/Users/Raluca/Documents/testare/proiect/webshop/QA-webshop/build/reports/tests/1631008815382.2.png
Page source: file:/C:/Users/Raluca/Documents/testare/proiect/webshop/QA-webshop/build/reports/tests/1631008815382.2.html
Timeout: 4 s.
Caused by: java.lang.IndexOutOfBoundsException: Index 2 out of bounds for length 2" type="com.codeborne.selenide.ex.ElementNotFound">
      <![CDATA[Element not found {.products-grid .price-box p.old-price[2]}
Expected: visible
Screenshot: file:/C:/Users/Raluca/Documents/testare/proiect/webshop/QA-webshop/build/reports/tests/1631008815382.2.png
Page source: file:/C:/Users/Raluca/Documents/testare/proiect/webshop/QA-webshop/build/reports/tests/1631008815382.2.html
Timeout: 4 s.
Caused by: java.lang.IndexOutOfBoundsException: Index 2 out of bounds for length 2
at com.codeborne.selenide.impl.WebElementSource.createElementNotFoundError(WebElementSource.java:83)
at com.codeborne.selenide.impl.CollectionElement.createElementNotFoundError(CollectionElement.java:63)
at com.codeborne.selenide.impl.WebElementSource.checkCondition(WebElementSource.java:114)
at com.codeborne.selenide.commands.Should.execute(Should.java:30)
at com.codeborne.selenide.commands.Should.execute(Should.java:14)
at com.codeborne.selenide.commands.Commands.execute(Commands.java:155)
at com.codeborne.selenide.impl.SelenideElementProxy.dispatchAndRetry(SelenideElementProxy.java:133)
at com.codeborne.selenide.impl.SelenideElementProxy.invoke(SelenideElementProxy.java:85)
at jdk.proxy2/jdk.proxy2.$Proxy8.shouldBe(Unknown Source)
at webshop.ShopProduct.isOldPriceVisible(ShopProduct.java:99)
at webshop.ShopProductTests.can_view_old_price_on_sale(ShopProductTests.java:61)
at java.base/jdk.internal.reflect.NativeMethodAccessorImpl.invoke0(Native Method)
at java.base/jdk.internal.reflect.NativeMethodAccessorImpl.invoke(NativeMethodAccessorImpl.java:78)
at java.base/jdk.internal.reflect.DelegatingMethodAccessorImpl.invoke(DelegatingMethodAccessorImpl.java:43)
at java.base/java.lang.reflect.Method.invoke(Method.java:567)
at org.testng.internal.MethodInvocationHelper.invokeMethod(MethodInvocationHelper.java:133)
at org.testng.internal.TestInvoker.invokeMethod(TestInvoker.java:598)
at org.testng.internal.TestInvoker.invokeTestMethod(TestInvoker.java:173)
at org.testng.internal.MethodRunner.runInSequence(MethodRunner.java:46)
at org.testng.internal.TestInvoker$MethodInvocationAgent.invoke(TestInvoker.java:824)
at org.testng.internal.TestInvoker.invokeTestMethods(TestInvoker.java:146)
at org.testng.internal.TestMethodWorker.invokeTestMethods(TestMethodWorker.java:146)
at org.testng.internal.TestMethodWorker.run(TestMethodWorker.java:128)
at java.base/java.util.ArrayList.forEach(ArrayList.java:1511)
at org.testng.TestRunner.privateRun(TestRunner.java:794)
at org.testng.TestRunner.run(TestRunner.java:596)
at org.testng.SuiteRunner.runTest(SuiteRunner.java:377)
at org.testng.SuiteRunner.runSequentially(SuiteRunner.java:371)
at org.testng.SuiteRunner.privateRun(SuiteRunner.java:332)
at org.testng.SuiteRunner.run(SuiteRunner.java:276)
at org.testng.SuiteRunnerWorker.runSuite(SuiteRunnerWorker.java:53)
at org.testng.SuiteRunnerWorker.run(SuiteRunnerWorker.java:96)
at org.testng.TestNG.runSuitesSequentially(TestNG.java:1212)
at org.testng.TestNG.runSuitesLocally(TestNG.java:1134)
at org.testng.TestNG.runSuites(TestNG.java:1063)
at org.testng.TestNG.run(TestNG.java:1031)
at org.apache.maven.surefire.testng.TestNGExecutor.run(TestNGExecutor.java:136)
at org.apache.maven.surefire.testng.TestNGDirectoryTestSuite.executeMulti(TestNGDirectoryTestSuite.java:193)
at org.apache.maven.surefire.testng.TestNGDirectoryTestSuite.execute(TestNGDirectoryTestSuite.java:94)
at org.apache.maven.surefire.testng.TestNGProvider.invoke(TestNGProvider.java:145)
at org.apache.maven.surefire.booter.ForkedBooter.runSuitesInProcess(ForkedBooter.java:428)
at org.apache.maven.surefire.booter.ForkedBooter.execute(ForkedBooter.java:162)
at org.apache.maven.surefire.booter.ForkedBooter.run(ForkedBooter.java:562)
at org.apache.maven.surefire.booter.ForkedBooter.main(ForkedBooter.java:548)
Caused by: java.lang.IndexOutOfBoundsException: Index 2 out of bounds for length 2
at java.base/jdk.internal.util.Preconditions.outOfBounds(Preconditions.java:64)
at java.base/jdk.internal.util.Preconditions.outOfBoundsCheckIndex(Preconditions.java:70)
at java.base/jdk.internal.util.Preconditions.checkIndex(Preconditions.java:266)
at java.base/java.util.Objects.checkIndex(Objects.java:359)
at java.base/java.util.ArrayList.get(ArrayList.java:427)
at com.codeborne.selenide.impl.WebElementSelector.findElement(WebElementSelector.java:34)
at com.codeborne.selenide.impl.BySelectorCollection.getElement(BySelectorCollection.java:47)
at com.codeborne.selenide.impl.CollectionElement.getWebElement(CollectionElement.java:46)
at com.codeborne.selenide.impl.WebElementSource.checkCondition(WebElementSource.java:99)
... 41 more
]]>
    </failure>
  </testcase> <!-- can_view_old_price_on_sale -->
  <system-out/>
</testsuite> <!-- webshop.ShopProductTests -->
