<?xml version="1.0" encoding="UTF-8"?>
<!-- Generated by org.testng.reporters.JUnitReportReporter -->
<testsuite hostname="DESKTOP-AI7I6V4" failures="0" tests="1" name="webshop.FirstPageTests" time="9.420" errors="0" timestamp="2021-09-01T11:46:32 EEST" skipped="0">
  <testcase classname="webshop.FirstPageTests" name="can_access_pages_from_promos" time="9.420"/>
  <system-out/>
</testsuite> <!-- webshop.FirstPageTests -->
