<?xml version="1.0" encoding="UTF-8"?>
<!-- Generated by org.testng.reporters.JUnitReportReporter -->
<testsuite hostname="DESKTOP-AI7I6V4" failures="0" tests="1" name="webshop.MenuItemsTests" time="14.691" errors="0" timestamp="2021-09-17T12:41:15 EEST" skipped="0">
  <testcase classname="webshop.MenuItemsTests" name="can_access_menu" time="14.691"/>
  <system-out/>
</testsuite> <!-- webshop.MenuItemsTests -->
