<?xml version="1.0" encoding="UTF-8"?>
<!-- Generated by org.testng.reporters.JUnitReportReporter -->
<testsuite hostname="DESKTOP-AI7I6V4" failures="0" tests="2" name="webshop.SearchProductTests" time="4.731" errors="0" timestamp="2021-09-07T13:00:21 EEST" skipped="0">
  <testcase classname="webshop.SearchProductTests" name="can_search_by_name" time="2.343"/>
  <system-out/>
  <testcase classname="webshop.SearchProductTests" name="can_search_by_name" time="2.388"/>
  <system-out/>
</testsuite> <!-- webshop.SearchProductTests -->
