<?xml version="1.0" encoding="UTF-8"?>
<!-- Generated by org.testng.reporters.JUnitReportReporter -->
<testsuite hostname="DESKTOP-AI7I6V4" failures="0" tests="1" name="webshop.MenuItemsTests" time="21.410" errors="0" timestamp="2021-09-23T10:59:41 EEST" skipped="0">
  <testcase classname="webshop.MenuItemsTests" name="can_access_menu" time="21.410"/>
  <system-out/>
</testsuite> <!-- webshop.MenuItemsTests -->
