<?xml version="1.0" encoding="UTF-8"?>
<!-- Generated by org.testng.reporters.JUnitReportReporter -->
<testsuite hostname="DESKTOP-AI7I6V4" failures="0" tests="2" name="webshop.RegisterFormTests" time="7.037" errors="0" timestamp="2021-09-17T12:41:15 EEST" skipped="0">
  <testcase classname="webshop.RegisterFormTests" name="can_register_with_valid_credentials" time="3.533"/>
  <system-out/>
  <testcase classname="webshop.RegisterFormTests" name="can_register_with_valid_credentials" time="3.504"/>
  <system-out/>
</testsuite> <!-- webshop.RegisterFormTests -->
