<?xml version="1.0" encoding="UTF-8"?>
<!-- Generated by org.testng.reporters.JUnitReportReporter -->
<testsuite hostname="DESKTOP-AI7I6V4" failures="0" tests="1" name="webshop.MenuItemsTests" time="18.999" errors="0" timestamp="2021-10-23T13:20:28 EEST" skipped="0">
  <testcase classname="webshop.MenuItemsTests" name="can_access_menu" time="18.999"/>
  <system-out/>
</testsuite> <!-- webshop.MenuItemsTests -->
