<?xml version="1.0" encoding="UTF-8"?>
<!-- Generated by org.testng.reporters.JUnitReportReporter -->
<testsuite hostname="DESKTOP-AI7I6V4" failures="0" tests="5" name="webshop.LoginFormTests" time="8.293" errors="0" timestamp="2021-09-17T12:41:15 EEST" skipped="0">
  <testcase classname="webshop.LoginFormTests" name="cannot_login_without_required_credentials" time="0.938"/>
  <system-out/>
  <testcase classname="webshop.LoginFormTests" name="can_login_with_valid_credentials" time="3.780"/>
  <system-out/>
  <testcase classname="webshop.LoginFormTests" name="cannot_login_with_wrong_password" time="1.640"/>
  <system-out/>
  <testcase classname="webshop.LoginFormTests" name="can_logout" time="1.338"/>
  <system-out/>
  <testcase classname="webshop.LoginFormTests" name="click_login_links" time="0.597"/>
  <system-out/>
</testsuite> <!-- webshop.LoginFormTests -->
