<?xml version="1.0" encoding="UTF-8"?>
<!-- Generated by org.testng.reporters.JUnitReportReporter -->
<testsuite hostname="DESKTOP-AI7I6V4" failures="0" tests="2" name="webshop.FirstPageTests" time="20.622" errors="0" timestamp="2021-09-23T10:59:41 EEST" skipped="0">
  <testcase classname="webshop.FirstPageTests" name="can_access_pages_from_promos" time="6.580"/>
  <system-out/>
  <testcase classname="webshop.FirstPageTests" name="can_access_slider_links" time="14.042"/>
  <system-out/>
</testsuite> <!-- webshop.FirstPageTests -->
