<?xml version="1.0" encoding="UTF-8"?>
<!-- Generated by org.testng.reporters.JUnitReportReporter -->
<testsuite hostname="DESKTOP-AI7I6V4" failures="0" tests="2" name="webshop.FilterSidebarTests" time="8.737" errors="0" timestamp="2021-09-07T13:00:21 EEST" skipped="0">
  <testcase classname="webshop.FilterSidebarTests" name="can_filter_by_price_kitchen_devices" time="5.205"/>
  <system-out/>
  <testcase classname="webshop.FilterSidebarTests" name="can_filter_by_blazers" time="3.532"/>
  <system-out/>
</testsuite> <!-- webshop.FilterSidebarTests -->
