<?xml version="1.0" encoding="UTF-8"?>
<!-- Generated by org.testng.reporters.JUnitReportReporter -->
<testsuite hostname="DESKTOP-AI7I6V4" failures="0" tests="2" name="webshop.SearchProductTests" time="6.162" errors="0" timestamp="2021-10-23T13:20:28 EEST" skipped="0">
  <testcase classname="webshop.SearchProductTests" name="can_search_by_name" time="2.963"/>
  <system-out/>
  <testcase classname="webshop.SearchProductTests" name="can_search_by_name" time="3.199"/>
  <system-out/>
</testsuite> <!-- webshop.SearchProductTests -->
