<?xml version="1.0" encoding="UTF-8"?>
<!-- Generated by org.testng.reporters.JUnitReportReporter -->
<testsuite hostname="DESKTOP-AI7I6V4" failures="0" tests="2" name="webshop.LoginFormTests" time="5.603" errors="0" timestamp="2021-09-01T11:46:32 EEST" skipped="0">
  <testcase classname="webshop.LoginFormTests" name="can_logout" time="1.820"/>
  <system-out/>
  <testcase classname="webshop.LoginFormTests" name="can_login_with_valid_credentials" time="3.783"/>
  <system-out/>
</testsuite> <!-- webshop.LoginFormTests -->
