<?xml version="1.0" encoding="UTF-8"?>
<!-- Generated by org.testng.reporters.JUnitReportReporter -->
<testsuite hostname="DESKTOP-AI7I6V4" failures="0" tests="5" name="webshop.LoginFormTests" time="8.281" errors="0" timestamp="2021-09-07T13:00:21 EEST" skipped="0">
  <testcase classname="webshop.LoginFormTests" name="can_login_with_valid_credentials" time="4.166"/>
  <system-out/>
  <testcase classname="webshop.LoginFormTests" name="cannot_login_with_wrong_password" time="1.605"/>
  <system-out/>
  <testcase classname="webshop.LoginFormTests" name="click_login_links" time="0.581"/>
  <system-out/>
  <testcase classname="webshop.LoginFormTests" name="can_logout" time="1.350"/>
  <system-out/>
  <testcase classname="webshop.LoginFormTests" name="cannot_login_without_required_credentials" time="0.579"/>
  <system-out/>
</testsuite> <!-- webshop.LoginFormTests -->
