<?xml version="1.0" encoding="UTF-8"?>
<!-- Generated by org.testng.reporters.JUnitReportReporter -->
<testsuite hostname="DESKTOP-AI7I6V4" failures="0" tests="1" name="webshop.MenuItemsTests" time="30.468" errors="0" timestamp="2021-09-07T13:00:21 EEST" skipped="0">
  <testcase classname="webshop.MenuItemsTests" name="can_access_menu" time="30.468"/>
  <system-out/>
</testsuite> <!-- webshop.MenuItemsTests -->
