<?xml version="1.0" encoding="UTF-8"?>
<!-- Generated by org.testng.reporters.JUnitReportReporter -->
<testsuite hostname="DESKTOP-AI7I6V4" failures="0" tests="2" name="webshop.SearchProductTests" time="4.432" errors="0" timestamp="2021-09-17T12:41:15 EEST" skipped="0">
  <testcase classname="webshop.SearchProductTests" name="can_search_by_name" time="2.130"/>
  <system-out/>
  <testcase classname="webshop.SearchProductTests" name="can_search_by_name" time="2.302"/>
  <system-out/>
</testsuite> <!-- webshop.SearchProductTests -->
