<?xml version="1.0" encoding="UTF-8"?>
<!-- Generated by org.testng.reporters.JUnitReportReporter -->
<testsuite hostname="DESKTOP-AI7I6V4" failures="0" tests="11" name="webshop.ShopProductTests" time="108.022" errors="0" timestamp="2021-10-23T13:20:28 EEST" skipped="0">
  <testcase classname="webshop.ShopProductTests" name="can_delete_items_from_cart" time="11.863"/>
  <system-out/>
  <testcase classname="webshop.ShopProductTests" name="can_add_to_wishlist_men_cloths" time="14.785"/>
  <system-out/>
  <testcase classname="webshop.ShopProductTests" name="view_cart" time="2.118"/>
  <system-out/>
  <testcase classname="webshop.ShopProductTests" name="can_open_tab" time="9.305"/>
  <system-out/>
  <testcase classname="webshop.ShopProductTests" name="can_shop_little_ones_things" time="21.329"/>
  <system-out/>
  <testcase classname="webshop.ShopProductTests" name="can_add_to_cart_shirts_men" time="7.369"/>
  <system-out/>
  <testcase classname="webshop.ShopProductTests" name="can_add_a_review_to_books" time="13.376"/>
  <system-out/>
  <testcase classname="webshop.ShopProductTests" name="can_change_the_quantity" time="7.006"/>
  <system-out/>
  <testcase classname="webshop.ShopProductTests" name="verify_success_add_to_cart_msg" time="9.155"/>
  <system-out/>
  <testcase classname="webshop.ShopProductTests" name="can_add_to_cart_pants" time="7.338"/>
  <system-out/>
  <testcase classname="webshop.ShopProductTests" name="check_sum_cart" time="4.378"/>
  <system-out/>
</testsuite> <!-- webshop.ShopProductTests -->
